<?xml version="1.0" encoding="UTF-8"?>
<testng-results ignored="0" total="2" passed="2" failed="0" skipped="0">
  <reporter-output>
  </reporter-output>
  <suite started-at="2018-08-01T21:11:50Z" name="Default suite" finished-at="2018-08-01T21:12:31Z" duration-ms="41571">
    <groups>
    </groups>
    <test started-at="2018-08-01T21:11:50Z" name="Default test" finished-at="2018-08-01T21:12:31Z" duration-ms="41571">
      <class name="TestCases.Gmail">
        <test-method is-config="true" signature="openurl()[pri:0, instance:TestCases.Gmail@2b48a640]" started-at="2018-08-01T21:11:50Z" name="openurl" finished-at="2018-08-01T21:12:12Z" duration-ms="22689" status="PASS">
          <reporter-output>
          </reporter-output>
        </test-method> <!-- openurl -->
        <test-method signature="logintest()[pri:100, instance:TestCases.Gmail@2b48a640]" started-at="2018-08-01T21:12:12Z" name="logintest" finished-at="2018-08-01T21:12:19Z" duration-ms="6531" status="PASS">
          <reporter-output>
          </reporter-output>
        </test-method> <!-- logintest -->
        <test-method signature="welcome()[pri:200, instance:TestCases.Gmail@2b48a640]" started-at="2018-08-01T21:12:19Z" name="welcome" finished-at="2018-08-01T21:12:31Z" duration-ms="12111" status="PASS">
          <reporter-output>
          </reporter-output>
        </test-method> <!-- welcome -->
      </class> <!-- TestCases.Gmail -->
    </test> <!-- Default test -->
  </suite> <!-- Default suite -->
</testng-results>
